[0.656s] DEBUG:colcon:Command line arguments: ['/usr/bin/colcon', 'build', '--packages-select', 'my_robot_package', '--symlink-install']
[0.657s] DEBUG:colcon:Parsed command line arguments: Namespace(log_base=None, log_level=None, verb_name='build', build_base='build', install_base='install', merge_install=False, symlink_install=True, test_result_base=None, continue_on_error=False, executor='parallel', parallel_workers=4, event_handlers=None, ignore_user_meta=False, metas=['./colcon.meta'], base_paths=['.'], packages_ignore=None, packages_ignore_regex=None, paths=None, packages_up_to=None, packages_up_to_regex=None, packages_above=None, packages_above_and_dependencies=None, packages_above_depth=None, packages_select_by_dep=None, packages_skip_by_dep=None, packages_skip_up_to=None, packages_select_build_failed=False, packages_skip_build_finished=False, packages_select_test_failures=False, packages_skip_test_passed=False, packages_select=['my_robot_package'], packages_skip=None, packages_select_regex=None, packages_skip_regex=None, packages_start=None, packages_end=None, cmake_args=None, cmake_target=None, cmake_target_skip_unavailable=False, cmake_clean_cache=False, cmake_clean_first=False, cmake_force_configure=False, ament_cmake_args=None, catkin_cmake_args=None, catkin_skip_building_tests=False, mixin_files=None, mixin=None, verb_parser=<colcon_mixin.mixin.mixin_argument.MixinArgumentDecorator object at 0x7f96dc6cb0>, verb_extension=<colcon_core.verb.build.BuildVerb object at 0x7f96d37940>, main=<bound method BuildVerb.main of <colcon_core.verb.build.BuildVerb object at 0x7f96d37940>>, mixin_verb=('build',))
[1.082s] Level 1:colcon.colcon_core.package_discovery:discover_packages(colcon_meta) check parameters
[1.086s] INFO:colcon.colcon_metadata.package_discovery.colcon_meta:Using configuration from '/root/.colcon/metadata/default/Gazebo.meta'
[1.089s] INFO:colcon.colcon_metadata.package_discovery.colcon_meta:Using configuration from '/root/.colcon/metadata/default/fastrtps.meta'
[1.089s] Level 1:colcon.colcon_core.package_discovery:discover_packages(recursive) check parameters
[1.089s] Level 1:colcon.colcon_core.package_discovery:discover_packages(ignore) check parameters
[1.089s] Level 1:colcon.colcon_core.package_discovery:discover_packages(path) check parameters
[1.090s] Level 1:colcon.colcon_core.package_discovery:discover_packages(colcon_meta) discover
[1.090s] Level 1:colcon.colcon_core.package_discovery:discover_packages(recursive) discover
[1.090s] INFO:colcon.colcon_core.package_discovery:Crawling recursively for packages in '/ros2/first_app'
[1.090s] Level 1:colcon.colcon_core.package_identification:_identify(.) by extensions ['ignore', 'ignore_ament_install']
[1.091s] Level 1:colcon.colcon_core.package_identification:_identify(.) by extension 'ignore'
[1.091s] Level 1:colcon.colcon_core.package_identification:_identify(.) by extension 'ignore_ament_install'
[1.091s] Level 1:colcon.colcon_core.package_identification:_identify(.) by extensions ['colcon_pkg']
[1.091s] Level 1:colcon.colcon_core.package_identification:_identify(.) by extension 'colcon_pkg'
[1.091s] Level 1:colcon.colcon_core.package_identification:_identify(.) by extensions ['colcon_meta']
[1.091s] Level 1:colcon.colcon_core.package_identification:_identify(.) by extension 'colcon_meta'
[1.091s] Level 1:colcon.colcon_core.package_identification:_identify(.) by extensions ['ros']
[1.092s] Level 1:colcon.colcon_core.package_identification:_identify(.) by extension 'ros'
[1.157s] Level 1:colcon.colcon_core.package_identification:_identify(.) by extensions ['cmake', 'python']
[1.157s] Level 1:colcon.colcon_core.package_identification:_identify(.) by extension 'cmake'
[1.158s] Level 1:colcon.colcon_core.package_identification:_identify(.) by extension 'python'
[1.158s] Level 1:colcon.colcon_core.package_identification:_identify(.) by extensions ['python_setup_py']
[1.158s] Level 1:colcon.colcon_core.package_identification:_identify(.) by extension 'python_setup_py'
[1.158s] Level 1:colcon.colcon_core.package_identification:_identify(build) by extensions ['ignore', 'ignore_ament_install']
[1.159s] Level 1:colcon.colcon_core.package_identification:_identify(build) by extension 'ignore'
[1.159s] Level 1:colcon.colcon_core.package_identification:_identify(build) ignored
[1.159s] Level 1:colcon.colcon_core.package_identification:_identify(install) by extensions ['ignore', 'ignore_ament_install']
[1.160s] Level 1:colcon.colcon_core.package_identification:_identify(install) by extension 'ignore'
[1.160s] Level 1:colcon.colcon_core.package_identification:_identify(install) ignored
[1.160s] Level 1:colcon.colcon_core.package_identification:_identify(log) by extensions ['ignore', 'ignore_ament_install']
[1.161s] Level 1:colcon.colcon_core.package_identification:_identify(log) by extension 'ignore'
[1.161s] Level 1:colcon.colcon_core.package_identification:_identify(log) ignored
[1.161s] Level 1:colcon.colcon_core.package_identification:_identify(src) by extensions ['ignore', 'ignore_ament_install']
[1.161s] Level 1:colcon.colcon_core.package_identification:_identify(src) by extension 'ignore'
[1.162s] Level 1:colcon.colcon_core.package_identification:_identify(src) by extension 'ignore_ament_install'
[1.162s] Level 1:colcon.colcon_core.package_identification:_identify(src) by extensions ['colcon_pkg']
[1.162s] Level 1:colcon.colcon_core.package_identification:_identify(src) by extension 'colcon_pkg'
[1.162s] Level 1:colcon.colcon_core.package_identification:_identify(src) by extensions ['colcon_meta']
[1.162s] Level 1:colcon.colcon_core.package_identification:_identify(src) by extension 'colcon_meta'
[1.162s] Level 1:colcon.colcon_core.package_identification:_identify(src) by extensions ['ros']
[1.162s] Level 1:colcon.colcon_core.package_identification:_identify(src) by extension 'ros'
[1.163s] Level 1:colcon.colcon_core.package_identification:_identify(src) by extensions ['cmake', 'python']
[1.163s] Level 1:colcon.colcon_core.package_identification:_identify(src) by extension 'cmake'
[1.163s] Level 1:colcon.colcon_core.package_identification:_identify(src) by extension 'python'
[1.163s] Level 1:colcon.colcon_core.package_identification:_identify(src) by extensions ['python_setup_py']
[1.163s] Level 1:colcon.colcon_core.package_identification:_identify(src) by extension 'python_setup_py'
[1.164s] Level 1:colcon.colcon_core.package_identification:_identify(src/my_robot_package) by extensions ['ignore', 'ignore_ament_install']
[1.164s] Level 1:colcon.colcon_core.package_identification:_identify(src/my_robot_package) by extension 'ignore'
[1.164s] Level 1:colcon.colcon_core.package_identification:_identify(src/my_robot_package) by extension 'ignore_ament_install'
[1.164s] Level 1:colcon.colcon_core.package_identification:_identify(src/my_robot_package) by extensions ['colcon_pkg']
[1.164s] Level 1:colcon.colcon_core.package_identification:_identify(src/my_robot_package) by extension 'colcon_pkg'
[1.165s] Level 1:colcon.colcon_core.package_identification:_identify(src/my_robot_package) by extensions ['colcon_meta']
[1.165s] Level 1:colcon.colcon_core.package_identification:_identify(src/my_robot_package) by extension 'colcon_meta'
[1.165s] Level 1:colcon.colcon_core.package_identification:_identify(src/my_robot_package) by extensions ['ros']
[1.165s] Level 1:colcon.colcon_core.package_identification:_identify(src/my_robot_package) by extension 'ros'
[1.179s] DEBUG:colcon.colcon_core.package_identification:Package 'src/my_robot_package' with type 'ros.ament_python' and name 'my_robot_package'
[1.179s] Level 1:colcon.colcon_core.package_discovery:discover_packages(recursive) using defaults
[1.179s] Level 1:colcon.colcon_core.package_discovery:discover_packages(ignore) discover
[1.179s] Level 1:colcon.colcon_core.package_discovery:discover_packages(ignore) using defaults
[1.180s] Level 1:colcon.colcon_core.package_discovery:discover_packages(path) discover
[1.180s] Level 1:colcon.colcon_core.package_discovery:discover_packages(path) using defaults
[1.272s] Level 5:colcon.colcon_core.verb:set package 'my_robot_package' build argument 'cmake_args' from command line to 'None'
[1.272s] Level 5:colcon.colcon_core.verb:set package 'my_robot_package' build argument 'cmake_target' from command line to 'None'
[1.272s] Level 5:colcon.colcon_core.verb:set package 'my_robot_package' build argument 'cmake_target_skip_unavailable' from command line to 'False'
[1.272s] Level 5:colcon.colcon_core.verb:set package 'my_robot_package' build argument 'cmake_clean_cache' from command line to 'False'
[1.273s] Level 5:colcon.colcon_core.verb:set package 'my_robot_package' build argument 'cmake_clean_first' from command line to 'False'
[1.273s] Level 5:colcon.colcon_core.verb:set package 'my_robot_package' build argument 'cmake_force_configure' from command line to 'False'
[1.273s] Level 5:colcon.colcon_core.verb:set package 'my_robot_package' build argument 'ament_cmake_args' from command line to 'None'
[1.273s] Level 5:colcon.colcon_core.verb:set package 'my_robot_package' build argument 'catkin_cmake_args' from command line to 'None'
[1.273s] Level 5:colcon.colcon_core.verb:set package 'my_robot_package' build argument 'catkin_skip_building_tests' from command line to 'False'
[1.273s] DEBUG:colcon.colcon_core.verb:Building package 'my_robot_package' with the following arguments: {'ament_cmake_args': None, 'build_base': '/ros2/first_app/build/my_robot_package', 'catkin_cmake_args': None, 'catkin_skip_building_tests': False, 'cmake_args': None, 'cmake_clean_cache': False, 'cmake_clean_first': False, 'cmake_force_configure': False, 'cmake_target': None, 'cmake_target_skip_unavailable': False, 'install_base': '/ros2/first_app/install/my_robot_package', 'merge_install': False, 'path': '/ros2/first_app/src/my_robot_package', 'symlink_install': True, 'test_result_base': None}
[1.274s] INFO:colcon.colcon_core.executor:Executing jobs using 'parallel' executor
[1.277s] DEBUG:colcon.colcon_parallel_executor.executor.parallel:run_until_complete
[1.278s] INFO:colcon.colcon_ros.task.ament_python.build:Building ROS package in '/ros2/first_app/src/my_robot_package' with build type 'ament_python'
[1.279s] Level 1:colcon.colcon_core.shell:create_environment_hook('my_robot_package', 'ament_prefix_path')
[1.305s] INFO:colcon.colcon_core.plugin_system:Skipping extension 'colcon_core.shell.bat': Not used on non-Windows systems
[1.306s] INFO:colcon.colcon_core.shell:Creating environment hook '/ros2/first_app/install/my_robot_package/share/my_robot_package/hook/ament_prefix_path.ps1'
[1.311s] INFO:colcon.colcon_core.shell:Creating environment descriptor '/ros2/first_app/install/my_robot_package/share/my_robot_package/hook/ament_prefix_path.dsv'
[1.314s] INFO:colcon.colcon_core.shell:Creating environment hook '/ros2/first_app/install/my_robot_package/share/my_robot_package/hook/ament_prefix_path.sh'
[1.319s] INFO:colcon.colcon_core.shell:Skip shell extension 'powershell' for command environment: Not usable outside of PowerShell
[1.320s] DEBUG:colcon.colcon_core.shell:Skip shell extension 'dsv' for command environment
[1.959s] WARNING:colcon.colcon_ros.task.ament_python.build:Package 'my_robot_package' doesn't explicitly install a marker in the package index (colcon-ros currently does it implicitly but that fallback will be removed in the future)
[1.960s] WARNING:colcon.colcon_ros.task.ament_python.build:Package 'my_robot_package' doesn't explicitly install the 'package.xml' file (colcon-ros currently does it implicitly but that fallback will be removed in the future)
[1.960s] INFO:colcon.colcon_core.task.python.build:Building Python package in '/ros2/first_app/src/my_robot_package'
[1.961s] INFO:colcon.colcon_core.shell:Skip shell extension 'powershell' for command environment: Not usable outside of PowerShell
[1.962s] DEBUG:colcon.colcon_core.shell:Skip shell extension 'dsv' for command environment
[3.026s] DEBUG:colcon.colcon_core.event_handler.log_command:Invoking command in '/ros2/first_app/build/my_robot_package': PYTHONPATH=/ros2/first_app/build/my_robot_package/prefix_override:/usr/lib/python3/dist-packages/colcon_core/task/python/colcon_distutils_commands:/ros2/first_app/install/my_robot_package/lib/python3.10/site-packages: /usr/bin/python3 -W ignore:setup.py install is deprecated -W ignore:easy_install command is deprecated setup.py develop --editable --build-directory /ros2/first_app/build/my_robot_package/build --no-deps
[3.948s] Level 1:colcon.colcon_core.shell:create_environment_hook('my_robot_package', 'pythonpath_develop')
[3.949s] INFO:colcon.colcon_core.shell:Creating environment hook '/ros2/first_app/build/my_robot_package/share/my_robot_package/hook/pythonpath_develop.ps1'
[3.950s] DEBUG:colcon.colcon_core.event_handler.log_command:Invoked command in '/ros2/first_app/build/my_robot_package' returned '0': PYTHONPATH=/ros2/first_app/build/my_robot_package/prefix_override:/usr/lib/python3/dist-packages/colcon_core/task/python/colcon_distutils_commands:/ros2/first_app/install/my_robot_package/lib/python3.10/site-packages: /usr/bin/python3 -W ignore:setup.py install is deprecated -W ignore:easy_install command is deprecated setup.py develop --editable --build-directory /ros2/first_app/build/my_robot_package/build --no-deps
[3.952s] INFO:colcon.colcon_core.shell:Creating environment descriptor '/ros2/first_app/build/my_robot_package/share/my_robot_package/hook/pythonpath_develop.dsv'
[3.955s] INFO:colcon.colcon_core.shell:Creating environment hook '/ros2/first_app/build/my_robot_package/share/my_robot_package/hook/pythonpath_develop.sh'
[3.980s] Level 1:colcon.colcon_core.environment:checking '/ros2/first_app/install/my_robot_package' for CMake module files
[3.982s] Level 1:colcon.colcon_core.environment:checking '/ros2/first_app/install/my_robot_package' for CMake config files
[3.983s] Level 1:colcon.colcon_core.environment:checking '/ros2/first_app/install/my_robot_package/lib'
[3.984s] Level 1:colcon.colcon_core.environment:checking '/ros2/first_app/install/my_robot_package/bin'
[3.984s] Level 1:colcon.colcon_core.environment:checking '/ros2/first_app/install/my_robot_package/lib/pkgconfig/my_robot_package.pc'
[3.985s] Level 1:colcon.colcon_core.environment:checking '/ros2/first_app/install/my_robot_package/lib/python3.10/site-packages'
[3.986s] Level 1:colcon.colcon_core.shell:create_environment_hook('my_robot_package', 'pythonpath')
[3.986s] INFO:colcon.colcon_core.shell:Creating environment hook '/ros2/first_app/install/my_robot_package/share/my_robot_package/hook/pythonpath.ps1'
[3.988s] INFO:colcon.colcon_core.shell:Creating environment descriptor '/ros2/first_app/install/my_robot_package/share/my_robot_package/hook/pythonpath.dsv'
[3.992s] INFO:colcon.colcon_core.shell:Creating environment hook '/ros2/first_app/install/my_robot_package/share/my_robot_package/hook/pythonpath.sh'
[3.994s] Level 1:colcon.colcon_core.environment:checking '/ros2/first_app/install/my_robot_package/bin'
[3.994s] Level 1:colcon.colcon_core.environment:create_environment_scripts_only(my_robot_package)
[3.996s] INFO:colcon.colcon_core.shell:Creating package script '/ros2/first_app/install/my_robot_package/share/my_robot_package/package.ps1'
[4.001s] INFO:colcon.colcon_core.shell:Creating package descriptor '/ros2/first_app/install/my_robot_package/share/my_robot_package/package.dsv'
[4.005s] INFO:colcon.colcon_core.shell:Creating package script '/ros2/first_app/install/my_robot_package/share/my_robot_package/package.sh'
[4.010s] INFO:colcon.colcon_core.shell:Creating package script '/ros2/first_app/install/my_robot_package/share/my_robot_package/package.bash'
[4.015s] INFO:colcon.colcon_core.shell:Creating package script '/ros2/first_app/install/my_robot_package/share/my_robot_package/package.zsh'
[4.052s] Level 1:colcon.colcon_core.environment:create_file_with_runtime_dependencies(/ros2/first_app/install/my_robot_package/share/colcon-core/packages/my_robot_package)
[4.053s] DEBUG:colcon.colcon_parallel_executor.executor.parallel:closing loop
[4.053s] DEBUG:colcon.colcon_parallel_executor.executor.parallel:loop closed
[4.054s] DEBUG:colcon.colcon_parallel_executor.executor.parallel:run_until_complete finished with '0'
[4.054s] DEBUG:colcon.colcon_core.event_reactor:joining thread
[4.337s] INFO:colcon.colcon_core.plugin_system:Skipping extension 'colcon_notification.desktop_notification.notify_send': Could not find 'notify-send'
[4.338s] INFO:colcon.colcon_core.plugin_system:Skipping extension 'colcon_notification.desktop_notification.terminal_notifier': Not used on non-Darwin systems
[4.338s] INFO:colcon.colcon_core.plugin_system:Skipping extension 'colcon_notification.desktop_notification.win32': Not used on non-Windows systems
[4.339s] INFO:colcon.colcon_notification.desktop_notification:Sending desktop notification using 'notify2'
[4.339s] DEBUG:colcon.colcon_notification.desktop_notification.notify2:Failed to initialize notify2: org.freedesktop.DBus.Error.NotSupported: Unable to autolaunch a dbus-daemon without a $DISPLAY for X11
[4.340s] DEBUG:colcon.colcon_core.event_reactor:joined thread
[4.341s] INFO:colcon.colcon_core.shell:Creating prefix script '/ros2/first_app/install/local_setup.ps1'
[4.345s] INFO:colcon.colcon_core.shell:Creating prefix util module '/ros2/first_app/install/_local_setup_util_ps1.py'
[4.373s] INFO:colcon.colcon_core.shell:Creating prefix chain script '/ros2/first_app/install/setup.ps1'
[4.379s] INFO:colcon.colcon_core.shell:Creating prefix script '/ros2/first_app/install/local_setup.sh'
[4.384s] INFO:colcon.colcon_core.shell:Creating prefix util module '/ros2/first_app/install/_local_setup_util_sh.py'
[4.387s] INFO:colcon.colcon_core.shell:Creating prefix chain script '/ros2/first_app/install/setup.sh'
[4.393s] INFO:colcon.colcon_core.shell:Creating prefix script '/ros2/first_app/install/local_setup.bash'
[4.398s] INFO:colcon.colcon_core.shell:Creating prefix chain script '/ros2/first_app/install/setup.bash'
[4.402s] INFO:colcon.colcon_core.shell:Creating prefix script '/ros2/first_app/install/local_setup.zsh'
[4.407s] INFO:colcon.colcon_core.shell:Creating prefix chain script '/ros2/first_app/install/setup.zsh'
