[0.712s] DEBUG:colcon:Command line arguments: ['/usr/bin/colcon', 'build', '--packages-select', 'my_robot_package', '--symlink-install']
[0.713s] DEBUG:colcon:Parsed command line arguments: Namespace(log_base=None, log_level=None, verb_name='build', build_base='build', install_base='install', merge_install=False, symlink_install=True, test_result_base=None, continue_on_error=False, executor='parallel', parallel_workers=4, event_handlers=None, ignore_user_meta=False, metas=['./colcon.meta'], base_paths=['.'], packages_ignore=None, packages_ignore_regex=None, paths=None, packages_up_to=None, packages_up_to_regex=None, packages_above=None, packages_above_and_dependencies=None, packages_above_depth=None, packages_select_by_dep=None, packages_skip_by_dep=None, packages_skip_up_to=None, packages_select_build_failed=False, packages_skip_build_finished=False, packages_select_test_failures=False, packages_skip_test_passed=False, packages_select=['my_robot_package'], packages_skip=None, packages_select_regex=None, packages_skip_regex=None, packages_start=None, packages_end=None, cmake_args=None, cmake_target=None, cmake_target_skip_unavailable=False, cmake_clean_cache=False, cmake_clean_first=False, cmake_force_configure=False, ament_cmake_args=None, catkin_cmake_args=None, catkin_skip_building_tests=False, mixin_files=None, mixin=None, verb_parser=<colcon_mixin.mixin.mixin_argument.MixinArgumentDecorator object at 0x7fb7abe140>, verb_extension=<colcon_core.verb.build.BuildVerb object at 0x7fb7bdefb0>, main=<bound method BuildVerb.main of <colcon_core.verb.build.BuildVerb object at 0x7fb7bdefb0>>, mixin_verb=('build',))
[1.218s] Level 1:colcon.colcon_core.package_discovery:discover_packages(colcon_meta) check parameters
[1.222s] INFO:colcon.colcon_metadata.package_discovery.colcon_meta:Using configuration from '/root/.colcon/metadata/default/Gazebo.meta'
[1.224s] INFO:colcon.colcon_metadata.package_discovery.colcon_meta:Using configuration from '/root/.colcon/metadata/default/fastrtps.meta'
[1.225s] Level 1:colcon.colcon_core.package_discovery:discover_packages(recursive) check parameters
[1.225s] Level 1:colcon.colcon_core.package_discovery:discover_packages(ignore) check parameters
[1.225s] Level 1:colcon.colcon_core.package_discovery:discover_packages(path) check parameters
[1.225s] Level 1:colcon.colcon_core.package_discovery:discover_packages(colcon_meta) discover
[1.225s] Level 1:colcon.colcon_core.package_discovery:discover_packages(recursive) discover
[1.225s] INFO:colcon.colcon_core.package_discovery:Crawling recursively for packages in '/ros2/first_app'
[1.226s] Level 1:colcon.colcon_core.package_identification:_identify(.) by extensions ['ignore', 'ignore_ament_install']
[1.226s] Level 1:colcon.colcon_core.package_identification:_identify(.) by extension 'ignore'
[1.226s] Level 1:colcon.colcon_core.package_identification:_identify(.) by extension 'ignore_ament_install'
[1.226s] Level 1:colcon.colcon_core.package_identification:_identify(.) by extensions ['colcon_pkg']
[1.227s] Level 1:colcon.colcon_core.package_identification:_identify(.) by extension 'colcon_pkg'
[1.227s] Level 1:colcon.colcon_core.package_identification:_identify(.) by extensions ['colcon_meta']
[1.227s] Level 1:colcon.colcon_core.package_identification:_identify(.) by extension 'colcon_meta'
[1.227s] Level 1:colcon.colcon_core.package_identification:_identify(.) by extensions ['ros']
[1.227s] Level 1:colcon.colcon_core.package_identification:_identify(.) by extension 'ros'
[1.293s] Level 1:colcon.colcon_core.package_identification:_identify(.) by extensions ['cmake', 'python']
[1.294s] Level 1:colcon.colcon_core.package_identification:_identify(.) by extension 'cmake'
[1.294s] Level 1:colcon.colcon_core.package_identification:_identify(.) by extension 'python'
[1.295s] Level 1:colcon.colcon_core.package_identification:_identify(.) by extensions ['python_setup_py']
[1.295s] Level 1:colcon.colcon_core.package_identification:_identify(.) by extension 'python_setup_py'
[1.296s] Level 1:colcon.colcon_core.package_identification:_identify(build) by extensions ['ignore', 'ignore_ament_install']
[1.296s] Level 1:colcon.colcon_core.package_identification:_identify(build) by extension 'ignore'
[1.297s] Level 1:colcon.colcon_core.package_identification:_identify(build) ignored
[1.297s] Level 1:colcon.colcon_core.package_identification:_identify(install) by extensions ['ignore', 'ignore_ament_install']
[1.298s] Level 1:colcon.colcon_core.package_identification:_identify(install) by extension 'ignore'
[1.298s] Level 1:colcon.colcon_core.package_identification:_identify(install) ignored
[1.299s] Level 1:colcon.colcon_core.package_identification:_identify(log) by extensions ['ignore', 'ignore_ament_install']
[1.300s] Level 1:colcon.colcon_core.package_identification:_identify(log) by extension 'ignore'
[1.300s] Level 1:colcon.colcon_core.package_identification:_identify(log) ignored
[1.301s] Level 1:colcon.colcon_core.package_identification:_identify(pytest) by extensions ['ignore', 'ignore_ament_install']
[1.301s] Level 1:colcon.colcon_core.package_identification:_identify(pytest) by extension 'ignore'
[1.302s] Level 1:colcon.colcon_core.package_identification:_identify(pytest) by extension 'ignore_ament_install'
[1.302s] Level 1:colcon.colcon_core.package_identification:_identify(pytest) by extensions ['colcon_pkg']
[1.302s] Level 1:colcon.colcon_core.package_identification:_identify(pytest) by extension 'colcon_pkg'
[1.303s] Level 1:colcon.colcon_core.package_identification:_identify(pytest) by extensions ['colcon_meta']
[1.303s] Level 1:colcon.colcon_core.package_identification:_identify(pytest) by extension 'colcon_meta'
[1.303s] Level 1:colcon.colcon_core.package_identification:_identify(pytest) by extensions ['ros']
[1.304s] Level 1:colcon.colcon_core.package_identification:_identify(pytest) by extension 'ros'
[1.304s] Level 1:colcon.colcon_core.package_identification:_identify(pytest) by extensions ['cmake', 'python']
[1.305s] Level 1:colcon.colcon_core.package_identification:_identify(pytest) by extension 'cmake'
[1.305s] Level 1:colcon.colcon_core.package_identification:_identify(pytest) by extension 'python'
[1.305s] Level 1:colcon.colcon_core.package_identification:_identify(pytest) by extensions ['python_setup_py']
[1.305s] Level 1:colcon.colcon_core.package_identification:_identify(pytest) by extension 'python_setup_py'
[1.306s] Level 1:colcon.colcon_core.package_identification:_identify(src) by extensions ['ignore', 'ignore_ament_install']
[1.306s] Level 1:colcon.colcon_core.package_identification:_identify(src) by extension 'ignore'
[1.307s] Level 1:colcon.colcon_core.package_identification:_identify(src) by extension 'ignore_ament_install'
[1.307s] Level 1:colcon.colcon_core.package_identification:_identify(src) by extensions ['colcon_pkg']
[1.307s] Level 1:colcon.colcon_core.package_identification:_identify(src) by extension 'colcon_pkg'
[1.308s] Level 1:colcon.colcon_core.package_identification:_identify(src) by extensions ['colcon_meta']
[1.308s] Level 1:colcon.colcon_core.package_identification:_identify(src) by extension 'colcon_meta'
[1.308s] Level 1:colcon.colcon_core.package_identification:_identify(src) by extensions ['ros']
[1.308s] Level 1:colcon.colcon_core.package_identification:_identify(src) by extension 'ros'
[1.309s] Level 1:colcon.colcon_core.package_identification:_identify(src) by extensions ['cmake', 'python']
[1.309s] Level 1:colcon.colcon_core.package_identification:_identify(src) by extension 'cmake'
[1.309s] Level 1:colcon.colcon_core.package_identification:_identify(src) by extension 'python'
[1.309s] Level 1:colcon.colcon_core.package_identification:_identify(src) by extensions ['python_setup_py']
[1.310s] Level 1:colcon.colcon_core.package_identification:_identify(src) by extension 'python_setup_py'
[1.310s] Level 1:colcon.colcon_core.package_identification:_identify(src/my_robot_package) by extensions ['ignore', 'ignore_ament_install']
[1.311s] Level 1:colcon.colcon_core.package_identification:_identify(src/my_robot_package) by extension 'ignore'
[1.311s] Level 1:colcon.colcon_core.package_identification:_identify(src/my_robot_package) by extension 'ignore_ament_install'
[1.311s] Level 1:colcon.colcon_core.package_identification:_identify(src/my_robot_package) by extensions ['colcon_pkg']
[1.312s] Level 1:colcon.colcon_core.package_identification:_identify(src/my_robot_package) by extension 'colcon_pkg'
[1.312s] Level 1:colcon.colcon_core.package_identification:_identify(src/my_robot_package) by extensions ['colcon_meta']
[1.312s] Level 1:colcon.colcon_core.package_identification:_identify(src/my_robot_package) by extension 'colcon_meta'
[1.312s] Level 1:colcon.colcon_core.package_identification:_identify(src/my_robot_package) by extensions ['ros']
[1.313s] Level 1:colcon.colcon_core.package_identification:_identify(src/my_robot_package) by extension 'ros'
[1.326s] DEBUG:colcon.colcon_core.package_identification:Package 'src/my_robot_package' with type 'ros.ament_python' and name 'my_robot_package'
[1.327s] Level 1:colcon.colcon_core.package_discovery:discover_packages(recursive) using defaults
[1.327s] Level 1:colcon.colcon_core.package_discovery:discover_packages(ignore) discover
[1.327s] Level 1:colcon.colcon_core.package_discovery:discover_packages(ignore) using defaults
[1.327s] Level 1:colcon.colcon_core.package_discovery:discover_packages(path) discover
[1.327s] Level 1:colcon.colcon_core.package_discovery:discover_packages(path) using defaults
[1.421s] Level 5:colcon.colcon_core.verb:set package 'my_robot_package' build argument 'cmake_args' from command line to 'None'
[1.421s] Level 5:colcon.colcon_core.verb:set package 'my_robot_package' build argument 'cmake_target' from command line to 'None'
[1.421s] Level 5:colcon.colcon_core.verb:set package 'my_robot_package' build argument 'cmake_target_skip_unavailable' from command line to 'False'
[1.421s] Level 5:colcon.colcon_core.verb:set package 'my_robot_package' build argument 'cmake_clean_cache' from command line to 'False'
[1.421s] Level 5:colcon.colcon_core.verb:set package 'my_robot_package' build argument 'cmake_clean_first' from command line to 'False'
[1.422s] Level 5:colcon.colcon_core.verb:set package 'my_robot_package' build argument 'cmake_force_configure' from command line to 'False'
[1.422s] Level 5:colcon.colcon_core.verb:set package 'my_robot_package' build argument 'ament_cmake_args' from command line to 'None'
[1.422s] Level 5:colcon.colcon_core.verb:set package 'my_robot_package' build argument 'catkin_cmake_args' from command line to 'None'
[1.422s] Level 5:colcon.colcon_core.verb:set package 'my_robot_package' build argument 'catkin_skip_building_tests' from command line to 'False'
[1.422s] DEBUG:colcon.colcon_core.verb:Building package 'my_robot_package' with the following arguments: {'ament_cmake_args': None, 'build_base': '/ros2/first_app/build/my_robot_package', 'catkin_cmake_args': None, 'catkin_skip_building_tests': False, 'cmake_args': None, 'cmake_clean_cache': False, 'cmake_clean_first': False, 'cmake_force_configure': False, 'cmake_target': None, 'cmake_target_skip_unavailable': False, 'install_base': '/ros2/first_app/install/my_robot_package', 'merge_install': False, 'path': '/ros2/first_app/src/my_robot_package', 'symlink_install': True, 'test_result_base': None}
[1.422s] INFO:colcon.colcon_core.executor:Executing jobs using 'parallel' executor
[1.426s] DEBUG:colcon.colcon_parallel_executor.executor.parallel:run_until_complete
[1.428s] INFO:colcon.colcon_ros.task.ament_python.build:Building ROS package in '/ros2/first_app/src/my_robot_package' with build type 'ament_python'
[1.428s] Level 1:colcon.colcon_core.shell:create_environment_hook('my_robot_package', 'ament_prefix_path')
[1.451s] INFO:colcon.colcon_core.plugin_system:Skipping extension 'colcon_core.shell.bat': Not used on non-Windows systems
[1.452s] INFO:colcon.colcon_core.shell:Creating environment hook '/ros2/first_app/install/my_robot_package/share/my_robot_package/hook/ament_prefix_path.ps1'
[1.457s] INFO:colcon.colcon_core.shell:Creating environment descriptor '/ros2/first_app/install/my_robot_package/share/my_robot_package/hook/ament_prefix_path.dsv'
[1.460s] INFO:colcon.colcon_core.shell:Creating environment hook '/ros2/first_app/install/my_robot_package/share/my_robot_package/hook/ament_prefix_path.sh'
[1.464s] INFO:colcon.colcon_core.shell:Skip shell extension 'powershell' for command environment: Not usable outside of PowerShell
[1.464s] DEBUG:colcon.colcon_core.shell:Skip shell extension 'dsv' for command environment
[2.269s] WARNING:colcon.colcon_ros.task.ament_python.build:Package 'my_robot_package' doesn't explicitly install a marker in the package index (colcon-ros currently does it implicitly but that fallback will be removed in the future)
[2.270s] WARNING:colcon.colcon_ros.task.ament_python.build:Package 'my_robot_package' doesn't explicitly install the 'package.xml' file (colcon-ros currently does it implicitly but that fallback will be removed in the future)
[2.271s] INFO:colcon.colcon_core.task.python.build:Building Python package in '/ros2/first_app/src/my_robot_package'
[2.272s] INFO:colcon.colcon_core.shell:Skip shell extension 'powershell' for command environment: Not usable outside of PowerShell
[2.273s] DEBUG:colcon.colcon_core.shell:Skip shell extension 'dsv' for command environment
[3.459s] DEBUG:colcon.colcon_core.event_handler.log_command:Invoking command in '/ros2/first_app/build/my_robot_package': PYTHONPATH=/ros2/first_app/build/my_robot_package/prefix_override:/usr/lib/python3/dist-packages/colcon_core/task/python/colcon_distutils_commands:/ros2/first_app/install/my_robot_package/lib/python3.10/site-packages:${PYTHONPATH} /usr/bin/python3 -W ignore:setup.py install is deprecated -W ignore:easy_install command is deprecated setup.py develop --editable --build-directory /ros2/first_app/build/my_robot_package/build --no-deps
[4.650s] Level 1:colcon.colcon_core.shell:create_environment_hook('my_robot_package', 'pythonpath_develop')
[4.651s] INFO:colcon.colcon_core.shell:Creating environment hook '/ros2/first_app/build/my_robot_package/share/my_robot_package/hook/pythonpath_develop.ps1'
[4.652s] DEBUG:colcon.colcon_core.event_handler.log_command:Invoked command in '/ros2/first_app/build/my_robot_package' returned '0': PYTHONPATH=/ros2/first_app/build/my_robot_package/prefix_override:/usr/lib/python3/dist-packages/colcon_core/task/python/colcon_distutils_commands:/ros2/first_app/install/my_robot_package/lib/python3.10/site-packages:${PYTHONPATH} /usr/bin/python3 -W ignore:setup.py install is deprecated -W ignore:easy_install command is deprecated setup.py develop --editable --build-directory /ros2/first_app/build/my_robot_package/build --no-deps
[4.654s] INFO:colcon.colcon_core.shell:Creating environment descriptor '/ros2/first_app/build/my_robot_package/share/my_robot_package/hook/pythonpath_develop.dsv'
[4.657s] INFO:colcon.colcon_core.shell:Creating environment hook '/ros2/first_app/build/my_robot_package/share/my_robot_package/hook/pythonpath_develop.sh'
[4.684s] Level 1:colcon.colcon_core.environment:checking '/ros2/first_app/install/my_robot_package' for CMake module files
[4.686s] Level 1:colcon.colcon_core.environment:checking '/ros2/first_app/install/my_robot_package' for CMake config files
[4.688s] Level 1:colcon.colcon_core.environment:checking '/ros2/first_app/install/my_robot_package/lib'
[4.689s] Level 1:colcon.colcon_core.environment:checking '/ros2/first_app/install/my_robot_package/bin'
[4.689s] Level 1:colcon.colcon_core.environment:checking '/ros2/first_app/install/my_robot_package/lib/pkgconfig/my_robot_package.pc'
[4.690s] Level 1:colcon.colcon_core.environment:checking '/ros2/first_app/install/my_robot_package/lib/python3.10/site-packages'
[4.690s] Level 1:colcon.colcon_core.shell:create_environment_hook('my_robot_package', 'pythonpath')
[4.691s] INFO:colcon.colcon_core.shell:Creating environment hook '/ros2/first_app/install/my_robot_package/share/my_robot_package/hook/pythonpath.ps1'
[4.693s] INFO:colcon.colcon_core.shell:Creating environment descriptor '/ros2/first_app/install/my_robot_package/share/my_robot_package/hook/pythonpath.dsv'
[4.696s] INFO:colcon.colcon_core.shell:Creating environment hook '/ros2/first_app/install/my_robot_package/share/my_robot_package/hook/pythonpath.sh'
[4.699s] Level 1:colcon.colcon_core.environment:checking '/ros2/first_app/install/my_robot_package/bin'
[4.699s] Level 1:colcon.colcon_core.environment:create_environment_scripts_only(my_robot_package)
[4.701s] INFO:colcon.colcon_core.shell:Creating package script '/ros2/first_app/install/my_robot_package/share/my_robot_package/package.ps1'
[4.705s] INFO:colcon.colcon_core.shell:Creating package descriptor '/ros2/first_app/install/my_robot_package/share/my_robot_package/package.dsv'
[4.708s] INFO:colcon.colcon_core.shell:Creating package script '/ros2/first_app/install/my_robot_package/share/my_robot_package/package.sh'
[4.712s] INFO:colcon.colcon_core.shell:Creating package script '/ros2/first_app/install/my_robot_package/share/my_robot_package/package.bash'
[4.717s] INFO:colcon.colcon_core.shell:Creating package script '/ros2/first_app/install/my_robot_package/share/my_robot_package/package.zsh'
[4.722s] Level 1:colcon.colcon_core.environment:create_file_with_runtime_dependencies(/ros2/first_app/install/my_robot_package/share/colcon-core/packages/my_robot_package)
[4.723s] DEBUG:colcon.colcon_parallel_executor.executor.parallel:closing loop
[4.724s] DEBUG:colcon.colcon_parallel_executor.executor.parallel:loop closed
[4.724s] DEBUG:colcon.colcon_parallel_executor.executor.parallel:run_until_complete finished with '0'
[4.726s] DEBUG:colcon.colcon_core.event_reactor:joining thread
[4.772s] INFO:colcon.colcon_core.plugin_system:Skipping extension 'colcon_notification.desktop_notification.notify_send': Could not find 'notify-send'
[4.772s] INFO:colcon.colcon_core.plugin_system:Skipping extension 'colcon_notification.desktop_notification.terminal_notifier': Not used on non-Darwin systems
[4.772s] INFO:colcon.colcon_core.plugin_system:Skipping extension 'colcon_notification.desktop_notification.win32': Not used on non-Windows systems
[4.773s] INFO:colcon.colcon_notification.desktop_notification:Sending desktop notification using 'notify2'
[4.773s] DEBUG:colcon.colcon_notification.desktop_notification.notify2:Failed to initialize notify2: org.freedesktop.DBus.Error.NotSupported: Unable to autolaunch a dbus-daemon without a $DISPLAY for X11
[4.773s] DEBUG:colcon.colcon_core.event_reactor:joined thread
[4.774s] INFO:colcon.colcon_core.shell:Creating prefix script '/ros2/first_app/install/local_setup.ps1'
[4.779s] INFO:colcon.colcon_core.shell:Creating prefix util module '/ros2/first_app/install/_local_setup_util_ps1.py'
[4.785s] INFO:colcon.colcon_core.shell:Creating prefix chain script '/ros2/first_app/install/setup.ps1'
[4.789s] INFO:colcon.colcon_core.shell:Creating prefix script '/ros2/first_app/install/local_setup.sh'
[4.792s] INFO:colcon.colcon_core.shell:Creating prefix util module '/ros2/first_app/install/_local_setup_util_sh.py'
[4.795s] INFO:colcon.colcon_core.shell:Creating prefix chain script '/ros2/first_app/install/setup.sh'
[4.799s] INFO:colcon.colcon_core.shell:Creating prefix script '/ros2/first_app/install/local_setup.bash'
[4.802s] INFO:colcon.colcon_core.shell:Creating prefix chain script '/ros2/first_app/install/setup.bash'
[4.806s] INFO:colcon.colcon_core.shell:Creating prefix script '/ros2/first_app/install/local_setup.zsh'
[4.809s] INFO:colcon.colcon_core.shell:Creating prefix chain script '/ros2/first_app/install/setup.zsh'
