[1.894s] Invoking command in '/ros2/first_app/build/my_robot_package': PYTHONPATH=/ros2/first_app/build/my_robot_package/prefix_override:/usr/lib/python3/dist-packages/colcon_core/task/python/colcon_distutils_commands:/ros2/first_app/install/my_robot_package/lib/python3.10/site-packages:${PYTHONPATH} /usr/bin/python3 -W ignore:setup.py install is deprecated -W ignore:easy_install command is deprecated setup.py develop --editable --build-directory /ros2/first_app/build/my_robot_package/build --no-deps symlink_data
[2.630s] running develop
[2.994s] running egg_info
[2.995s] writing my_robot_package.egg-info/PKG-INFO
[2.996s] writing dependency_links to my_robot_package.egg-info/dependency_links.txt
[2.999s] writing entry points to my_robot_package.egg-info/entry_points.txt
[3.000s] writing requirements to my_robot_package.egg-info/requires.txt
[3.001s] writing top-level names to my_robot_package.egg-info/top_level.txt
[3.005s] package init file 'my_robot_package/__init__.py' not found (or not a regular file)
[3.007s] reading manifest file 'my_robot_package.egg-info/SOURCES.txt'
[3.009s] writing manifest file 'my_robot_package.egg-info/SOURCES.txt'
[3.015s] running build_ext
[3.015s] Creating /ros2/first_app/install/my_robot_package/lib/python3.10/site-packages/my-robot-package.egg-link (link to .)
[3.020s] Installing motor_controller script to /ros2/first_app/install/my_robot_package/lib/my_robot_package
[3.020s] Installing test1 script to /ros2/first_app/install/my_robot_package/lib/my_robot_package
[3.020s] 
[3.021s] Installed /ros2/first_app/build/my_robot_package
[3.021s] running symlink_data
[3.022s] creating /ros2/first_app/install/my_robot_package/share/my_robot_package/launch
[3.023s] symbolically linking /ros2/first_app/build/my_robot_package/my_robot_package/launch/motors.launch.py -> /ros2/first_app/install/my_robot_package/share/my_robot_package/launch
[3.144s] Invoked command in '/ros2/first_app/build/my_robot_package' returned '0': PYTHONPATH=/ros2/first_app/build/my_robot_package/prefix_override:/usr/lib/python3/dist-packages/colcon_core/task/python/colcon_distutils_commands:/ros2/first_app/install/my_robot_package/lib/python3.10/site-packages:${PYTHONPATH} /usr/bin/python3 -W ignore:setup.py install is deprecated -W ignore:easy_install command is deprecated setup.py develop --editable --build-directory /ros2/first_app/build/my_robot_package/build --no-deps symlink_data
